[    0/5000]   0.0%   train=4.9244   val=4.9262   elapsed=31s     ETA=0s      best!
[  250/5000]   5.0%   train=2.1218   val=2.1169   elapsed=206s    ETA=3901s   best!
[  500/5000]  10.0%   train=1.3606   val=1.3500   elapsed=391s    ETA=3510s   best!
[  750/5000]  15.0%   train=1.1540   val=1.1411   elapsed=575s    ETA=3250s   best!
[ 1000/5000]  20.0%   train=1.0332   val=1.0296   elapsed=757s    ETA=3024s   best!
[ 1250/5000]  25.0%   train=0.9657   val=0.9556   elapsed=941s    ETA=2819s   best!
[ 1500/5000]  30.0%   train=0.9305   val=0.9189   elapsed=1124s   ETA=2619s   best!
[ 1750/5000]  35.0%   train=0.8935   val=0.8853   elapsed=1306s   ETA=2424s   best!
[ 2000/5000]  40.0%   train=0.8673   val=0.8602   elapsed=1490s   ETA=2233s   best!
[ 2250/5000]  45.0%   train=0.8413   val=0.8367   elapsed=1672s   ETA=2042s   best!
[ 2500/5000]  50.0%   train=0.8162   val=0.8141   elapsed=1855s   ETA=1854s   best!
[ 2750/5000]  55.0%   train=0.8058   val=0.7995   elapsed=2038s   ETA=1666s   best!
[ 3000/5000]  60.0%   train=0.7888   val=0.7803   elapsed=2221s   ETA=1479s   best!
[ 3250/5000]  65.0%   train=0.7798   val=0.7730   elapsed=2403s   ETA=1293s   best!
[ 3500/5000]  70.0%   train=0.7634   val=0.7551   elapsed=2585s   ETA=1107s   best!
[ 3750/5000]  75.0%   train=0.7588   val=0.7528   elapsed=2768s   ETA=922s    best!
[ 4000/5000]  80.0%   train=0.7480   val=0.7434   elapsed=2951s   ETA=737s    best!
[ 4250/5000]  85.0%   train=0.7381   val=0.7351   elapsed=3134s   ETA=552s    best!
[ 4500/5000]  90.0%   train=0.7371   val=0.7314   elapsed=3316s   ETA=368s    best!
[ 4750/5000]  95.0%   train=0.7282   val=0.7239   elapsed=3498s   ETA=183s    best!
[ 4999/5000] 100.0%   train=0.7259   val=0.7176   elapsed=3680s   ETA=0s      best!
